2026-06-05 22:29:33 | DEBUG | P03 | No variables found in .env
2026-06-05 22:29:33 | INFO | P03 | === RUN START ===
2026-06-05 22:29:33 | INFO | P03 | project=P03
2026-06-05 22:29:33 | INFO | P03 | repo_dir=streaming-04-visualization
2026-06-05 22:29:33 | INFO | P03 | python=3.14.5
2026-06-05 22:29:33 | INFO | P03 | os=Linux 6.6.87.2-microsoft-standard-WSL2
2026-06-05 22:29:33 | INFO | P03 | shell=bash
2026-06-05 22:29:33 | INFO | P03 | cwd=.
2026-06-05 22:29:33 | INFO | P03 | github_actions=False
2026-06-05 22:29:33 | INFO | P03 | ========================
2026-06-05 22:29:33 | INFO | P03 | START producer main()
2026-06-05 22:29:33 | INFO | P03 | ========================
2026-06-05 22:29:33 | INFO | P03 | ROOT_DIR = .
2026-06-05 22:29:33 | INFO | P03 | DATA_DIR = data
2026-06-05 22:29:33 | INFO | P03 | SALES_CSV = data/sales.csv
2026-06-05 22:29:33 | INFO | P03 | REGIONS_CSV = data/regions.csv
2026-06-05 22:29:33 | INFO | P03 | PRODUCTS_CSV = data/products.csv
2026-06-05 22:29:33 | INFO | P03 | REJECTED_SALES_CSV = data/output/producer_rejected_sales.csv
2026-06-05 22:29:33 | INFO | P03 | ========================
2026-06-05 22:29:33 | INFO | P03 | SECTION A. Acquire
2026-06-05 22:29:33 | INFO | P03 | ========================
2026-06-05 22:29:33 | INFO | P03 | Loading settings from .env...
2026-06-05 22:29:33 | INFO | P03 | KAFKA_BOOTSTRAP_SERVERS           = localhost:9092
2026-06-05 22:29:33 | INFO | P03 | KAFKA_TOPIC                       = product-sales-case
2026-06-05 22:29:33 | INFO | P03 | PRODUCER_MESSAGE_COUNT            = 6
2026-06-05 22:29:33 | INFO | P03 | PRODUCER_MESSAGE_INTERVAL_SECONDS = 2.0
2026-06-05 22:29:33 | INFO | P03 | KAFKA_CLEAR_TOPIC_ON_START        = False
2026-06-05 22:29:33 | INFO | P03 | Verifying Kafka connection...
2026-06-05 22:29:33 | INFO | P03 | Kafka port is reachable.
2026-06-05 22:29:33 | INFO | P03 | Loading validation reference data...
2026-06-05 22:29:33 | INFO | P03 | Found 6 valid regions, 6 valid products.
2026-06-05 22:29:33 | INFO | P03 | ========================
2026-06-05 22:29:33 | INFO | P03 | SECTION P. Produce Messages
2026-06-05 22:29:33 | INFO | P03 | ========================
2026-06-05 22:29:33 | INFO | P03 | Initializing output...
2026-06-05 22:29:33 | INFO | P03 | Output directory ready: output
2026-06-05 22:29:33 | INFO | P03 | Sending messages...
2026-06-05 22:29:33 | INFO | P03 | Sending up to 6 message(s) to topic 'product-sales-case'.
2026-06-05 22:29:33 | INFO | P03 | Watch each sale arrive. Press CTRL+C to stop early.

2026-06-05 22:29:33 | INFO | P03 | {
  order_id: e7324981-a9f0-419f-b708-d0a333451fff
  datetime: 2026-05-04T08:11:00Z
  region_id: US-TX
  currency_code: USD
  product_id: PY-STREAM-005
  unit_price: 59.99
  quantity: 3
  is_online: true
  customer_id: CUST-4150
  is_new_customer: false
  device_type: tablet
  payment_method: paypal
  referral_source: paid_search
  discount_code: 
  customer_note: Gift for my team
}
2026-06-05 22:29:33 | INFO | P03 |   Sending message with key=US-TX
2026-06-05 22:29:33 | INFO | P03 |   MESSAGE SENT  sent=1
2026-06-05 22:29:35 | INFO | P03 | {
  order_id: d61943e0-f543-4b5f-9c9a-18605ea4cfe5
  datetime: 2026-05-04T08:23:00Z
  region_id: US-TX
  currency_code: USD
  product_id: PY-DATA-002
  unit_price: 49.99
  quantity: 1
  is_online: true
  customer_id: CUST-1106
  is_new_customer: false
  device_type: mobile
  payment_method: paypal
  referral_source: paid_search
  discount_code: 
  customer_note: Gift for my team
}
2026-06-05 22:29:35 | INFO | P03 |   Sending message with key=US-TX
2026-06-05 22:29:35 | INFO | P03 |   MESSAGE SENT  sent=2
2026-06-05 22:29:37 | INFO | P03 | {
  order_id: 14da1915-8e74-47be-9e10-f7275d31af46
  datetime: 2026-05-04T08:28:00Z
  region_id: CA-QC
  currency_code: CAD
  product_id: PY-NLP-006
  unit_price: 54.99
  quantity: 1
  is_online: true
  customer_id: CUST-2133
  is_new_customer: false
  device_type: desktop
  payment_method: paypal
  referral_source: organic
  discount_code: 
  customer_note: Learning at my own pace
}
2026-06-05 22:29:37 | INFO | P03 |   Sending message with key=CA-QC
2026-06-05 22:29:37 | INFO | P03 |   MESSAGE SENT  sent=3
2026-06-05 22:29:39 | INFO | P03 | {
  order_id: d77ed935-9b28-431d-bc25-0a3fd98f4154
  datetime: 2026-05-04T08:40:00Z
  region_id: US-CA
  currency_code: USD
  product_id: PY-STREAM-005
  unit_price: 59.99
  quantity: 1
  is_online: true
  customer_id: CUST-5333
  is_new_customer: false
  device_type: mobile
  payment_method: paypal
  referral_source: organic
  discount_code: 
  customer_note: Highly recommend
}
2026-06-05 22:29:39 | INFO | P03 |   Sending message with key=US-CA
2026-06-05 22:29:39 | INFO | P03 |   MESSAGE SENT  sent=4
2026-06-05 22:29:41 | INFO | P03 | {
  order_id: 24b91995-25f8-4ad7-8fa6-2e4c15750e5e
  datetime: 2026-05-04T08:41:00Z
  region_id: US-MO
  currency_code: USD
  product_id: PY-VIZ-003
  unit_price: 39.99
  quantity: 1
  is_online: true
  customer_id: CUST-8573
  is_new_customer: false
  device_type: mobile
  payment_method: apple_pay
  referral_source: paid_search
  discount_code: 
  customer_note: Learning at my own pace
}
2026-06-05 22:29:41 | INFO | P03 |   Sending message with key=US-MO
2026-06-05 22:29:41 | INFO | P03 |   MESSAGE SENT  sent=5
2026-06-05 22:29:43 | INFO | P03 | {
  order_id: 1ec0fc8b-998c-4f43-8a66-19e1fa7d5fa8
  datetime: 2026-05-04T08:54:00Z
  region_id: CA-ON
  currency_code: CAD
  product_id: PY-SQL-004
  unit_price: 44.99
  quantity: 1
  is_online: true
  customer_id: CUST-8062
  is_new_customer: false
  device_type: tablet
  payment_method: paypal
  referral_source: organic
  discount_code: 
  customer_note: 
}
2026-06-05 22:29:43 | INFO | P03 |   Sending message with key=CA-ON
2026-06-05 22:29:43 | INFO | P03 |   MESSAGE SENT  sent=6
2026-06-05 22:29:45 | INFO | P03 | Checking for rejected records...
2026-06-05 22:29:45 | INFO | P03 |   No records rejected.
2026-06-05 22:29:45 | INFO | P03 | ========================
2026-06-05 22:29:45 | INFO | P03 | SECTION E. Exit
2026-06-05 22:29:45 | INFO | P03 | ========================
2026-06-05 22:29:45 | INFO | P03 | Summary:
2026-06-05 22:29:45 | INFO | P03 | Sent 6 message(s) to topic 'product-sales-case'.
2026-06-05 22:29:45 | INFO | P03 | Rejected 0 message(s).
2026-06-05 22:29:45 | INFO | P03 | ========================
2026-06-05 22:29:45 | INFO | P03 | Producer executed successfully!
2026-06-05 22:29:45 | INFO | P03 | ========================
2026-06-05 22:29:49 | DEBUG | C04 | No variables found in .env
2026-06-05 22:29:49 | DEBUG | P03 | No variables found in .env
2026-06-05 22:34:00 | DEBUG | C04 | No variables found in .env
2026-06-05 22:34:00 | INFO | C04 | === RUN START ===
2026-06-05 22:34:00 | INFO | C04 | project=C04
2026-06-05 22:34:00 | INFO | C04 | repo_dir=streaming-04-visualization
2026-06-05 22:34:00 | INFO | C04 | python=3.14.5
2026-06-05 22:34:00 | INFO | C04 | os=Linux 6.6.87.2-microsoft-standard-WSL2
2026-06-05 22:34:00 | INFO | C04 | shell=bash
2026-06-05 22:34:00 | INFO | C04 | cwd=.
2026-06-05 22:34:00 | INFO | C04 | github_actions=False
2026-06-05 22:34:00 | INFO | C04 | ========================
2026-06-05 22:34:00 | INFO | C04 | START consumer main()
2026-06-05 22:34:00 | INFO | C04 | ========================
2026-06-05 22:34:00 | INFO | C04 | ROOT_DIR = .
2026-06-05 22:34:00 | INFO | C04 | DATA_DIR = data
2026-06-05 22:34:00 | INFO | C04 | OUTPUT_CSV = data/output/consumed_sales.csv
2026-06-05 22:34:00 | INFO | C04 | OUTPUT_CHART = data/output/sales_chart_case.png
2026-06-05 22:34:00 | INFO | C04 | REGIONS_CSV = data/regions.csv
2026-06-05 22:34:00 | INFO | C04 | PRODUCTS_CSV = data/products.csv
2026-06-05 22:34:00 | INFO | C04 | CURRENCIES_CSV = data/currencies.csv
2026-06-05 22:34:00 | INFO | C04 | DISCOUNT_CODES_CSV = data/discount_codes.csv
2026-06-05 22:34:00 | INFO | C04 | ========================
2026-06-05 22:34:00 | INFO | C04 | SECTION A. Acquire
2026-06-05 22:34:00 | INFO | C04 | ========================
2026-06-05 22:34:00 | INFO | C04 | Loading settings from .env...
2026-06-05 22:34:00 | INFO | C04 | KAFKA_BOOTSTRAP_SERVERS  = localhost:9092
2026-06-05 22:34:00 | INFO | C04 | KAFKA_TOPIC              = product-sales-case
2026-06-05 22:34:00 | INFO | C04 | KAFKA_GROUP_ID           = streaming-consumer-group-A
2026-06-05 22:34:00 | INFO | C04 | CONSUMER_TIMEOUT_SECONDS = 10.0
2026-06-05 22:34:00 | INFO | C04 | CONSUMER_MAX_MESSAGES    = 1000
2026-06-05 22:34:00 | INFO | C04 | Verifying Kafka connection...
2026-06-05 22:34:00 | INFO | C04 | Kafka port is reachable.
2026-06-05 22:34:00 | INFO | C04 | Verifying Kafka topic...
2026-06-05 22:34:00 | INFO | C04 | Topic 'product-sales-case' exists.
2026-06-05 22:34:00 | INFO | C04 | Found 6 message(s) available.
2026-06-05 22:34:00 | INFO | C04 | Creating Kafka consumer...
2026-06-05 22:34:00 | INFO | C04 | Subscribed to topic: 'product-sales-case' (reading from beginning)
2026-06-05 22:34:00 | INFO | C04 | ========================
2026-06-05 22:34:00 | INFO | C04 | SECTION C. Consume and Process Messages
2026-06-05 22:34:00 | INFO | C04 | ========================
2026-06-05 22:34:00 | INFO | C04 | Initializing output...
2026-06-05 22:34:00 | INFO | C04 | Output CSV cleared: consumed_sales.csv
2026-06-05 22:34:01 | INFO | C04 | Live chart initialized.
2026-06-05 22:34:01 | INFO | C04 | Loading enrichment reference data...
2026-06-05 22:34:01 | INFO | C04 | Found 6 region tax rates.
2026-06-05 22:34:01 | INFO | C04 | Consuming messages...
2026-06-05 22:34:01 | INFO | C04 | Waiting for up to 1000 message(s).
2026-06-05 22:34:01 | INFO | C04 | Press CTRL+C to stop early.

2026-06-05 22:34:03 | INFO | C04 | {'currency_code': 'USD', 'customer_id': 'CUST-4150', 'customer_note': 'Gift for my team', 'datetime': '2026-05-04T08:11:00Z', 'device_type': 'tablet', 'discount_code': '', 'is_new_customer': 'false', 'is_online': 'true', 'order_id': 'e7324981-a9f0-419f-b708-d0a333451fff', 'payment_method': 'paypal', 'product_id': 'PY-STREAM-005', 'quantity': '3', 'referral_source': 'paid_search', 'region_id': 'US-TX', 'unit_price': '59.99', '_kafka_key': 'US-TX', '_kafka_partition': 0, '_kafka_offset': 30}
2026-06-05 22:34:03 | INFO | C04 | subtotal=179.97
2026-06-05 22:34:03 | INFO | C04 | tax=14.85
2026-06-05 22:34:03 | INFO | C04 | total=194.82
2026-06-05 22:34:03 | INFO | C04 | running_total=194.82
2026-06-05 22:34:03 | INFO | C04 | MESSAGE ACCEPTED
2026-06-05 22:34:03 | INFO | C04 | order=e7324981-a9f0-419f-b708-d0a333451fff
2026-06-05 22:34:03 | INFO | C04 | total=$194.82
2026-06-05 22:34:03 | INFO | C04 | consumed=1
2026-06-05 22:34:03 | INFO | C04 | RUNNING STATS
2026-06-05 22:34:03 | INFO | C04 | total_sales=$194.82
2026-06-05 22:34:03 | INFO | C04 | average=$194.82
2026-06-05 22:34:03 | INFO | C04 | min=$194.82
2026-06-05 22:34:03 | INFO | C04 | max=$194.82
2026-06-05 22:34:03 | INFO | C04 | {'currency_code': 'USD', 'customer_id': 'CUST-1106', 'customer_note': 'Gift for my team', 'datetime': '2026-05-04T08:23:00Z', 'device_type': 'mobile', 'discount_code': '', 'is_new_customer': 'false', 'is_online': 'true', 'order_id': 'd61943e0-f543-4b5f-9c9a-18605ea4cfe5', 'payment_method': 'paypal', 'product_id': 'PY-DATA-002', 'quantity': '1', 'referral_source': 'paid_search', 'region_id': 'US-TX', 'unit_price': '49.99', '_kafka_key': 'US-TX', '_kafka_partition': 0, '_kafka_offset': 31}
2026-06-05 22:34:03 | INFO | C04 | subtotal=49.99
2026-06-05 22:34:03 | INFO | C04 | tax=4.12
2026-06-05 22:34:03 | INFO | C04 | total=54.11
2026-06-05 22:34:03 | INFO | C04 | running_total=248.93
2026-06-05 22:34:04 | INFO | C04 | MESSAGE ACCEPTED
2026-06-05 22:34:04 | INFO | C04 | order=d61943e0-f543-4b5f-9c9a-18605ea4cfe5
2026-06-05 22:34:04 | INFO | C04 | total=$54.11
2026-06-05 22:34:04 | INFO | C04 | consumed=2
2026-06-05 22:34:04 | INFO | C04 | RUNNING STATS
2026-06-05 22:34:04 | INFO | C04 | total_sales=$248.93
2026-06-05 22:34:04 | INFO | C04 | average=$124.47
2026-06-05 22:34:04 | INFO | C04 | min=$54.11
2026-06-05 22:34:04 | INFO | C04 | max=$194.82
2026-06-05 22:34:04 | INFO | C04 | {'currency_code': 'CAD', 'customer_id': 'CUST-2133', 'customer_note': 'Learning at my own pace', 'datetime': '2026-05-04T08:28:00Z', 'device_type': 'desktop', 'discount_code': '', 'is_new_customer': 'false', 'is_online': 'true', 'order_id': '14da1915-8e74-47be-9e10-f7275d31af46', 'payment_method': 'paypal', 'product_id': 'PY-NLP-006', 'quantity': '1', 'referral_source': 'organic', 'region_id': 'CA-QC', 'unit_price': '54.99', '_kafka_key': 'CA-QC', '_kafka_partition': 0, '_kafka_offset': 32}
2026-06-05 22:34:04 | INFO | C04 | subtotal=54.99
2026-06-05 22:34:04 | INFO | C04 | tax=8.23
2026-06-05 22:34:04 | INFO | C04 | total=63.22
2026-06-05 22:34:04 | INFO | C04 | running_total=312.15
2026-06-05 22:34:04 | INFO | C04 | MESSAGE ACCEPTED
2026-06-05 22:34:04 | INFO | C04 | order=14da1915-8e74-47be-9e10-f7275d31af46
2026-06-05 22:34:04 | INFO | C04 | total=$63.22
2026-06-05 22:34:04 | INFO | C04 | consumed=3
2026-06-05 22:34:04 | INFO | C04 | RUNNING STATS
2026-06-05 22:34:04 | INFO | C04 | total_sales=$312.15
2026-06-05 22:34:04 | INFO | C04 | average=$104.05
2026-06-05 22:34:04 | INFO | C04 | min=$54.11
2026-06-05 22:34:04 | INFO | C04 | max=$194.82
2026-06-05 22:34:04 | INFO | C04 | {'currency_code': 'USD', 'customer_id': 'CUST-5333', 'customer_note': 'Highly recommend', 'datetime': '2026-05-04T08:40:00Z', 'device_type': 'mobile', 'discount_code': '', 'is_new_customer': 'false', 'is_online': 'true', 'order_id': 'd77ed935-9b28-431d-bc25-0a3fd98f4154', 'payment_method': 'paypal', 'product_id': 'PY-STREAM-005', 'quantity': '1', 'referral_source': 'organic', 'region_id': 'US-CA', 'unit_price': '59.99', '_kafka_key': 'US-CA', '_kafka_partition': 0, '_kafka_offset': 33}
2026-06-05 22:34:04 | INFO | C04 | subtotal=59.99
2026-06-05 22:34:04 | INFO | C04 | tax=5.7
2026-06-05 22:34:04 | INFO | C04 | total=65.69
2026-06-05 22:34:04 | INFO | C04 | running_total=377.84
2026-06-05 22:34:04 | INFO | C04 | MESSAGE ACCEPTED
2026-06-05 22:34:04 | INFO | C04 | order=d77ed935-9b28-431d-bc25-0a3fd98f4154
2026-06-05 22:34:04 | INFO | C04 | total=$65.69
2026-06-05 22:34:04 | INFO | C04 | consumed=4
2026-06-05 22:34:04 | INFO | C04 | RUNNING STATS
2026-06-05 22:34:04 | INFO | C04 | total_sales=$377.84
2026-06-05 22:34:04 | INFO | C04 | average=$94.46
2026-06-05 22:34:04 | INFO | C04 | min=$54.11
2026-06-05 22:34:04 | INFO | C04 | max=$194.82
2026-06-05 22:34:04 | INFO | C04 | {'currency_code': 'USD', 'customer_id': 'CUST-8573', 'customer_note': 'Learning at my own pace', 'datetime': '2026-05-04T08:41:00Z', 'device_type': 'mobile', 'discount_code': '', 'is_new_customer': 'false', 'is_online': 'true', 'order_id': '24b91995-25f8-4ad7-8fa6-2e4c15750e5e', 'payment_method': 'apple_pay', 'product_id': 'PY-VIZ-003', 'quantity': '1', 'referral_source': 'paid_search', 'region_id': 'US-MO', 'unit_price': '39.99', '_kafka_key': 'US-MO', '_kafka_partition': 0, '_kafka_offset': 34}
2026-06-05 22:34:04 | INFO | C04 | subtotal=39.99
2026-06-05 22:34:04 | INFO | C04 | tax=3.2
2026-06-05 22:34:04 | INFO | C04 | total=43.19
2026-06-05 22:34:04 | INFO | C04 | running_total=421.03
2026-06-05 22:34:04 | INFO | C04 | MESSAGE ACCEPTED
2026-06-05 22:34:04 | INFO | C04 | order=24b91995-25f8-4ad7-8fa6-2e4c15750e5e
2026-06-05 22:34:04 | INFO | C04 | total=$43.19
2026-06-05 22:34:04 | INFO | C04 | consumed=5
2026-06-05 22:34:04 | INFO | C04 | RUNNING STATS
2026-06-05 22:34:04 | INFO | C04 | total_sales=$421.03
2026-06-05 22:34:04 | INFO | C04 | average=$84.21
2026-06-05 22:34:04 | INFO | C04 | min=$43.19
2026-06-05 22:34:04 | INFO | C04 | max=$194.82
2026-06-05 22:34:04 | INFO | C04 | {'currency_code': 'CAD', 'customer_id': 'CUST-8062', 'customer_note': '', 'datetime': '2026-05-04T08:54:00Z', 'device_type': 'tablet', 'discount_code': '', 'is_new_customer': 'false', 'is_online': 'true', 'order_id': '1ec0fc8b-998c-4f43-8a66-19e1fa7d5fa8', 'payment_method': 'paypal', 'product_id': 'PY-SQL-004', 'quantity': '1', 'referral_source': 'organic', 'region_id': 'CA-ON', 'unit_price': '44.99', '_kafka_key': 'CA-ON', '_kafka_partition': 0, '_kafka_offset': 35}
2026-06-05 22:34:04 | INFO | C04 | subtotal=44.99
2026-06-05 22:34:04 | INFO | C04 | tax=5.85
2026-06-05 22:34:04 | INFO | C04 | total=50.84
2026-06-05 22:34:04 | INFO | C04 | running_total=471.87
2026-06-05 22:34:04 | INFO | C04 | MESSAGE ACCEPTED
2026-06-05 22:34:04 | INFO | C04 | order=1ec0fc8b-998c-4f43-8a66-19e1fa7d5fa8
2026-06-05 22:34:04 | INFO | C04 | total=$50.84
2026-06-05 22:34:04 | INFO | C04 | consumed=6
2026-06-05 22:34:04 | INFO | C04 | RUNNING STATS
2026-06-05 22:34:04 | INFO | C04 | total_sales=$471.87
2026-06-05 22:34:04 | INFO | C04 | average=$78.64
2026-06-05 22:34:04 | INFO | C04 | min=$43.19
2026-06-05 22:34:04 | INFO | C04 | max=$194.82
2026-06-05 22:34:14 | INFO | C04 | No message received within 10.0s timeout.
2026-06-05 22:34:14 | INFO | C04 | Producer finished or paused. Stopping consumer.
2026-06-05 22:34:14 | INFO | C04 | Kafka consumer closed.
2026-06-05 22:34:14 | INFO | C04 | Saving artifacts...
2026-06-05 22:34:14 | INFO | C04 | WROTE OUTPUT_CHART = data/output/sales_chart_case.png
2026-06-05 22:34:14 | INFO | C04 | WROTE OUTPUT_CSV = data/output/consumed_sales.csv
2026-06-05 22:34:14 | INFO | C04 | Live chart closed.
2026-06-05 22:34:14 | INFO | C04 | ========================
2026-06-05 22:34:14 | INFO | C04 | SECTION E. Exit
2026-06-05 22:34:14 | INFO | C04 | ========================
2026-06-05 22:34:14 | INFO | C04 | Summary:
2026-06-05 22:34:14 | INFO | C04 | Consumed 6 message(s) from topic 'product-sales-case'.
2026-06-05 22:34:14 | INFO | C04 | Skipped  0 message(s).
2026-06-05 22:34:14 | INFO | C04 | OUTPUT_CSV = data/output/consumed_sales.csv
2026-06-05 22:34:14 | INFO | C04 | OUTPUT_CHART = data/output/sales_chart_case.png
2026-06-05 22:34:14 | INFO | C04 |   Total sales:  $471.87
2026-06-05 22:34:14 | INFO | C04 |   Average sale: $78.64
2026-06-05 22:34:14 | INFO | C04 |   Minimum sale: $43.19
2026-06-05 22:34:14 | INFO | C04 |   Maximum sale: $194.82
2026-06-05 22:34:14 | INFO | C04 | ========================
2026-06-05 22:34:14 | INFO | C04 | Consumer executed successfully!
2026-06-05 22:34:14 | INFO | C04 | ========================
2026-06-06 19:22:00 | DEBUG | T04 | No variables found in .env
2026-06-06 19:22:00 | INFO | T04 | === RUN START ===
2026-06-06 19:22:00 | INFO | T04 | project=T04
2026-06-06 19:22:00 | INFO | T04 | repo_dir=streaming-04-visualization
2026-06-06 19:22:00 | INFO | T04 | python=3.14.5
2026-06-06 19:22:00 | INFO | T04 | os=Linux 6.6.87.2-microsoft-standard-WSL2
2026-06-06 19:22:00 | INFO | T04 | shell=bash
2026-06-06 19:22:00 | INFO | T04 | cwd=.
2026-06-06 19:22:00 | INFO | T04 | github_actions=False
2026-06-06 19:22:00 | INFO | T04 | ========================
2026-06-06 19:22:00 | INFO | T04 | START consumer main()
2026-06-06 19:22:00 | INFO | T04 | ========================
2026-06-06 19:22:00 | INFO | T04 | ROOT_DIR = .
2026-06-06 19:22:00 | INFO | T04 | DATA_DIR = data
2026-06-06 19:22:00 | INFO | T04 | OUTPUT_CSV = data/output/consumed_sales_teja.csv
2026-06-06 19:22:00 | INFO | T04 | OUTPUT_CHART = data/output/sales_chart_teja.png
2026-06-06 19:22:00 | INFO | T04 | REGIONS_CSV = data/regions.csv
2026-06-06 19:22:00 | INFO | T04 | PRODUCTS_CSV = data/products.csv
2026-06-06 19:22:00 | INFO | T04 | CURRENCIES_CSV = data/currencies.csv
2026-06-06 19:22:00 | INFO | T04 | DISCOUNT_CODES_CSV = data/discount_codes.csv
2026-06-06 19:22:00 | INFO | T04 | ========================
2026-06-06 19:22:00 | INFO | T04 | SECTION A. Acquire
2026-06-06 19:22:00 | INFO | T04 | ========================
2026-06-06 19:22:00 | INFO | T04 | Loading settings from .env...
2026-06-06 19:22:00 | INFO | T04 | KAFKA_BOOTSTRAP_SERVERS  = localhost:9092
2026-06-06 19:22:00 | INFO | T04 | KAFKA_TOPIC              = product-sales-case
2026-06-06 19:22:00 | INFO | T04 | KAFKA_GROUP_ID           = streaming-consumer-group-A
2026-06-06 19:22:00 | INFO | T04 | CONSUMER_TIMEOUT_SECONDS = 10.0
2026-06-06 19:22:00 | INFO | T04 | CONSUMER_MAX_MESSAGES    = 1000
2026-06-06 19:22:00 | INFO | T04 | Verifying Kafka connection...
2026-06-06 19:22:00 | INFO | T04 | Kafka port is reachable.
2026-06-06 19:22:00 | INFO | T04 | Verifying Kafka topic...
2026-06-06 19:22:00 | INFO | T04 | Topic 'product-sales-case' exists.
2026-06-06 19:22:00 | INFO | T04 | Found 6 message(s) available.
2026-06-06 19:22:00 | INFO | T04 | Creating Kafka consumer...
2026-06-06 19:22:00 | INFO | T04 | Subscribed to topic: 'product-sales-case' (reading from beginning)
2026-06-06 19:22:00 | INFO | T04 | ========================
2026-06-06 19:22:00 | INFO | T04 | SECTION C. Consume and Process Messages
2026-06-06 19:22:00 | INFO | T04 | ========================
2026-06-06 19:22:00 | INFO | T04 | Initializing output...
2026-06-06 19:22:00 | INFO | T04 | Output CSV cleared: consumed_sales_teja.csv
2026-06-06 19:22:01 | INFO | T04 | Live charts initialized.
2026-06-06 19:22:01 | INFO | T04 | Loading enrichment reference data...
2026-06-06 19:22:01 | INFO | T04 | Found 6 region tax rates.
2026-06-06 19:22:01 | INFO | T04 | Consuming messages...
2026-06-06 19:22:01 | INFO | T04 | Waiting for up to 1000 message(s).
2026-06-06 19:22:01 | INFO | T04 | Press CTRL+C to stop early.

2026-06-06 19:22:03 | INFO | T04 | {'currency_code': 'USD', 'customer_id': 'CUST-4150', 'customer_note': 'Gift for my team', 'datetime': '2026-05-04T08:11:00Z', 'device_type': 'tablet', 'discount_code': '', 'is_new_customer': 'false', 'is_online': 'true', 'order_id': 'e7324981-a9f0-419f-b708-d0a333451fff', 'payment_method': 'paypal', 'product_id': 'PY-STREAM-005', 'quantity': '3', 'referral_source': 'paid_search', 'region_id': 'US-TX', 'unit_price': '59.99', '_kafka_key': 'US-TX', '_kafka_partition': 0, '_kafka_offset': 30}
2026-06-06 19:22:03 | INFO | T04 | subtotal=179.97
2026-06-06 19:22:03 | INFO | T04 | tax=14.85
2026-06-06 19:22:03 | INFO | T04 | total=194.82
2026-06-06 19:22:03 | INFO | T04 | running_total=194.82
2026-06-06 19:22:03 | INFO | T04 | MESSAGE ACCEPTED
2026-06-06 19:22:03 | INFO | T04 | order=e7324981-a9f0-419f-b708-d0a333451fff
2026-06-06 19:22:03 | INFO | T04 | region=US-TX
2026-06-06 19:22:03 | INFO | T04 | total=$194.82
2026-06-06 19:22:03 | INFO | T04 | consumed=1
2026-06-06 19:22:03 | INFO | T04 | RUNNING STATS
2026-06-06 19:22:03 | INFO | T04 | total_sales=$194.82
2026-06-06 19:22:03 | INFO | T04 | average=$194.82
2026-06-06 19:22:03 | INFO | T04 | min=$194.82
2026-06-06 19:22:03 | INFO | T04 | max=$194.82
2026-06-06 19:22:03 | INFO | T04 | {'currency_code': 'USD', 'customer_id': 'CUST-1106', 'customer_note': 'Gift for my team', 'datetime': '2026-05-04T08:23:00Z', 'device_type': 'mobile', 'discount_code': '', 'is_new_customer': 'false', 'is_online': 'true', 'order_id': 'd61943e0-f543-4b5f-9c9a-18605ea4cfe5', 'payment_method': 'paypal', 'product_id': 'PY-DATA-002', 'quantity': '1', 'referral_source': 'paid_search', 'region_id': 'US-TX', 'unit_price': '49.99', '_kafka_key': 'US-TX', '_kafka_partition': 0, '_kafka_offset': 31}
2026-06-06 19:22:03 | INFO | T04 | subtotal=49.99
2026-06-06 19:22:03 | INFO | T04 | tax=4.12
2026-06-06 19:22:03 | INFO | T04 | total=54.11
2026-06-06 19:22:03 | INFO | T04 | running_total=248.93
2026-06-06 19:22:04 | INFO | T04 | MESSAGE ACCEPTED
2026-06-06 19:22:04 | INFO | T04 | order=d61943e0-f543-4b5f-9c9a-18605ea4cfe5
2026-06-06 19:22:04 | INFO | T04 | region=US-TX
2026-06-06 19:22:04 | INFO | T04 | total=$54.11
2026-06-06 19:22:04 | INFO | T04 | consumed=2
2026-06-06 19:22:04 | INFO | T04 | RUNNING STATS
2026-06-06 19:22:04 | INFO | T04 | total_sales=$248.93
2026-06-06 19:22:04 | INFO | T04 | average=$124.47
2026-06-06 19:22:04 | INFO | T04 | min=$54.11
2026-06-06 19:22:04 | INFO | T04 | max=$194.82
2026-06-06 19:22:04 | INFO | T04 | {'currency_code': 'CAD', 'customer_id': 'CUST-2133', 'customer_note': 'Learning at my own pace', 'datetime': '2026-05-04T08:28:00Z', 'device_type': 'desktop', 'discount_code': '', 'is_new_customer': 'false', 'is_online': 'true', 'order_id': '14da1915-8e74-47be-9e10-f7275d31af46', 'payment_method': 'paypal', 'product_id': 'PY-NLP-006', 'quantity': '1', 'referral_source': 'organic', 'region_id': 'CA-QC', 'unit_price': '54.99', '_kafka_key': 'CA-QC', '_kafka_partition': 0, '_kafka_offset': 32}
2026-06-06 19:22:04 | INFO | T04 | subtotal=54.99
2026-06-06 19:22:04 | INFO | T04 | tax=8.23
2026-06-06 19:22:04 | INFO | T04 | total=63.22
2026-06-06 19:22:04 | INFO | T04 | running_total=312.15
2026-06-06 19:22:04 | INFO | T04 | MESSAGE ACCEPTED
2026-06-06 19:22:04 | INFO | T04 | order=14da1915-8e74-47be-9e10-f7275d31af46
2026-06-06 19:22:04 | INFO | T04 | region=CA-QC
2026-06-06 19:22:04 | INFO | T04 | total=$63.22
2026-06-06 19:22:04 | INFO | T04 | consumed=3
2026-06-06 19:22:04 | INFO | T04 | RUNNING STATS
2026-06-06 19:22:04 | INFO | T04 | total_sales=$312.15
2026-06-06 19:22:04 | INFO | T04 | average=$104.05
2026-06-06 19:22:04 | INFO | T04 | min=$54.11
2026-06-06 19:22:04 | INFO | T04 | max=$194.82
2026-06-06 19:22:04 | INFO | T04 | {'currency_code': 'USD', 'customer_id': 'CUST-5333', 'customer_note': 'Highly recommend', 'datetime': '2026-05-04T08:40:00Z', 'device_type': 'mobile', 'discount_code': '', 'is_new_customer': 'false', 'is_online': 'true', 'order_id': 'd77ed935-9b28-431d-bc25-0a3fd98f4154', 'payment_method': 'paypal', 'product_id': 'PY-STREAM-005', 'quantity': '1', 'referral_source': 'organic', 'region_id': 'US-CA', 'unit_price': '59.99', '_kafka_key': 'US-CA', '_kafka_partition': 0, '_kafka_offset': 33}
2026-06-06 19:22:04 | INFO | T04 | subtotal=59.99
2026-06-06 19:22:04 | INFO | T04 | tax=5.7
2026-06-06 19:22:04 | INFO | T04 | total=65.69
2026-06-06 19:22:04 | INFO | T04 | running_total=377.84
2026-06-06 19:22:04 | INFO | T04 | MESSAGE ACCEPTED
2026-06-06 19:22:04 | INFO | T04 | order=d77ed935-9b28-431d-bc25-0a3fd98f4154
2026-06-06 19:22:04 | INFO | T04 | region=US-CA
2026-06-06 19:22:04 | INFO | T04 | total=$65.69
2026-06-06 19:22:04 | INFO | T04 | consumed=4
2026-06-06 19:22:04 | INFO | T04 | RUNNING STATS
2026-06-06 19:22:04 | INFO | T04 | total_sales=$377.84
2026-06-06 19:22:04 | INFO | T04 | average=$94.46
2026-06-06 19:22:04 | INFO | T04 | min=$54.11
2026-06-06 19:22:04 | INFO | T04 | max=$194.82
2026-06-06 19:22:04 | INFO | T04 | {'currency_code': 'USD', 'customer_id': 'CUST-8573', 'customer_note': 'Learning at my own pace', 'datetime': '2026-05-04T08:41:00Z', 'device_type': 'mobile', 'discount_code': '', 'is_new_customer': 'false', 'is_online': 'true', 'order_id': '24b91995-25f8-4ad7-8fa6-2e4c15750e5e', 'payment_method': 'apple_pay', 'product_id': 'PY-VIZ-003', 'quantity': '1', 'referral_source': 'paid_search', 'region_id': 'US-MO', 'unit_price': '39.99', '_kafka_key': 'US-MO', '_kafka_partition': 0, '_kafka_offset': 34}
2026-06-06 19:22:04 | INFO | T04 | subtotal=39.99
2026-06-06 19:22:04 | INFO | T04 | tax=3.2
2026-06-06 19:22:04 | INFO | T04 | total=43.19
2026-06-06 19:22:04 | INFO | T04 | running_total=421.03
2026-06-06 19:22:05 | INFO | T04 | MESSAGE ACCEPTED
2026-06-06 19:22:05 | INFO | T04 | order=24b91995-25f8-4ad7-8fa6-2e4c15750e5e
2026-06-06 19:22:05 | INFO | T04 | region=US-MO
2026-06-06 19:22:05 | INFO | T04 | total=$43.19
2026-06-06 19:22:05 | INFO | T04 | consumed=5
2026-06-06 19:22:05 | INFO | T04 | RUNNING STATS
2026-06-06 19:22:05 | INFO | T04 | total_sales=$421.03
2026-06-06 19:22:05 | INFO | T04 | average=$84.21
2026-06-06 19:22:05 | INFO | T04 | min=$43.19
2026-06-06 19:22:05 | INFO | T04 | max=$194.82
2026-06-06 19:22:05 | INFO | T04 | {'currency_code': 'CAD', 'customer_id': 'CUST-8062', 'customer_note': '', 'datetime': '2026-05-04T08:54:00Z', 'device_type': 'tablet', 'discount_code': '', 'is_new_customer': 'false', 'is_online': 'true', 'order_id': '1ec0fc8b-998c-4f43-8a66-19e1fa7d5fa8', 'payment_method': 'paypal', 'product_id': 'PY-SQL-004', 'quantity': '1', 'referral_source': 'organic', 'region_id': 'CA-ON', 'unit_price': '44.99', '_kafka_key': 'CA-ON', '_kafka_partition': 0, '_kafka_offset': 35}
2026-06-06 19:22:05 | INFO | T04 | subtotal=44.99
2026-06-06 19:22:05 | INFO | T04 | tax=5.85
2026-06-06 19:22:05 | INFO | T04 | total=50.84
2026-06-06 19:22:05 | INFO | T04 | running_total=471.87
2026-06-06 19:22:05 | INFO | T04 | MESSAGE ACCEPTED
2026-06-06 19:22:05 | INFO | T04 | order=1ec0fc8b-998c-4f43-8a66-19e1fa7d5fa8
2026-06-06 19:22:05 | INFO | T04 | region=CA-ON
2026-06-06 19:22:05 | INFO | T04 | total=$50.84
2026-06-06 19:22:05 | INFO | T04 | consumed=6
2026-06-06 19:22:05 | INFO | T04 | RUNNING STATS
2026-06-06 19:22:05 | INFO | T04 | total_sales=$471.87
2026-06-06 19:22:05 | INFO | T04 | average=$78.64
2026-06-06 19:22:05 | INFO | T04 | min=$43.19
2026-06-06 19:22:05 | INFO | T04 | max=$194.82
2026-06-06 19:22:15 | INFO | T04 | No message received within 10.0s timeout.
2026-06-06 19:22:15 | INFO | T04 | Producer finished or paused. Stopping consumer.
2026-06-06 19:22:15 | INFO | T04 | Kafka consumer closed.
2026-06-06 19:22:15 | INFO | T04 | Saving artifacts...
2026-06-06 19:22:16 | INFO | T04 | WROTE OUTPUT_CHART = data/output/sales_chart_teja.png
2026-06-06 19:22:16 | INFO | T04 | WROTE OUTPUT_CSV = data/output/consumed_sales_teja.csv
2026-06-06 19:22:16 | INFO | T04 | Live charts closed.
2026-06-06 19:22:16 | INFO | T04 | ========================
2026-06-06 19:22:16 | INFO | T04 | SECTION E. Exit
2026-06-06 19:22:16 | INFO | T04 | ========================
2026-06-06 19:22:16 | INFO | T04 | Summary:
2026-06-06 19:22:16 | INFO | T04 | Consumed 6 message(s) from topic 'product-sales-case'.
2026-06-06 19:22:16 | INFO | T04 | Skipped  0 message(s).
2026-06-06 19:22:16 | INFO | T04 | OUTPUT_CSV = data/output/consumed_sales_teja.csv
2026-06-06 19:22:16 | INFO | T04 | OUTPUT_CHART = data/output/sales_chart_teja.png
2026-06-06 19:22:16 | INFO | T04 |   Total sales:  $471.87
2026-06-06 19:22:16 | INFO | T04 |   Average sale: $78.64
2026-06-06 19:22:16 | INFO | T04 |   Minimum sale: $43.19
2026-06-06 19:22:16 | INFO | T04 |   Maximum sale: $194.82
2026-06-06 19:22:16 | INFO | T04 | ========================
2026-06-06 19:22:16 | INFO | T04 | Consumer executed successfully!
2026-06-06 19:22:16 | INFO | T04 | ========================
